<?xml version="1.0" encoding="UTF-8"?>
<!-- Generated by org.testng.reporters.JUnitReportReporter -->
<testsuite hostname="thinkpad-e14" failures="0" tests="4" name="com.tutorialsNinja.qa.testcases.LoginTest" time="26.365" errors="0" timestamp="2025-05-31T15:46:52 IST" skipped="0">
  <testcase classname="com.tutorialsNinja.qa.testcases.LoginTest" name="loginWithValidCredentials" time="11.176"/>
  <system-out/>
  <testcase classname="com.tutorialsNinja.qa.testcases.LoginTest" name="loginWithValidCredentials" time="4.657"/>
  <system-out/>
  <testcase classname="com.tutorialsNinja.qa.testcases.LoginTest" name="loginWithInvalidCredentials" time="5.394"/>
  <system-out/>
  <testcase classname="com.tutorialsNinja.qa.testcases.LoginTest" name="loginWithNoCredentials" time="5.138"/>
  <system-out/>
</testsuite> <!-- com.tutorialsNinja.qa.testcases.LoginTest -->
