<?xml version="1.0" encoding="UTF-8"?>
<!-- Generated by org.testng.reporters.JUnitReportReporter -->
<testsuite hostname="thinkpad-e14" failures="0" tests="3" name="com.tutorialsNinja.qa.testcases.RegisterTest" time="24.802" errors="0" timestamp="2025-05-31T15:46:52 IST" skipped="0">
  <testcase classname="com.tutorialsNinja.qa.testcases.RegisterTest" name="registerWithMAndatoryFields" time="11.671"/>
  <system-out/>
  <testcase classname="com.tutorialsNinja.qa.testcases.RegisterTest" name="registerWithAllFields" time="6.120"/>
  <system-out/>
  <testcase classname="com.tutorialsNinja.qa.testcases.RegisterTest" name="registerWithDuplicatedEmail" time="7.011"/>
  <system-out/>
</testsuite> <!-- com.tutorialsNinja.qa.testcases.RegisterTest -->
